[1023/185656.828:INFO:CONSOLE(15)] "Uncaught Error: Bootstrap's JavaScript requires jQuery version 1.9.1 or higher, but lower than version 3", source: http://localhost:62820/Front_UI/js/bootstrap.js (15)
[1023/185739.021:INFO:CONSOLE(15)] "Uncaught Error: Bootstrap's JavaScript requires jQuery version 1.9.1 or higher, but lower than version 3", source: http://localhost:62820/Front_UI/js/bootstrap.js (15)
[1023/185919.933:INFO:CONSOLE(15)] "Uncaught Error: Bootstrap's JavaScript requires jQuery version 1.9.1 or higher, but lower than version 3", source: http://localhost:62820/Front_UI/js/bootstrap.js (15)
[1023/190108.071:INFO:CONSOLE(15)] "Uncaught Error: Bootstrap's JavaScript requires jQuery version 1.9.1 or higher, but lower than version 3", source: http://localhost:62820/Front_UI/js/bootstrap.js (15)
[1023/190436.892:INFO:CONSOLE(15)] "Uncaught Error: Bootstrap's JavaScript requires jQuery version 1.9.1 or higher, but lower than version 3", source: http://localhost:62820/Front_UI/js/bootstrap.js (15)
[1023/190621.759:INFO:CONSOLE(15)] "Uncaught Error: Bootstrap's JavaScript requires jQuery version 1.9.1 or higher, but lower than version 3", source: http://localhost:62820/Front_UI/js/bootstrap.js (15)
[1107/110023.075:INFO:CONSOLE(15)] "Uncaught Error: Bootstrap's JavaScript requires jQuery version 1.9.1 or higher, but lower than version 3", source: http://119.46.96.185/Front_UI/js/bootstrap.js (15)
[1107/110201.516:INFO:CONSOLE(15)] "Uncaught Error: Bootstrap's JavaScript requires jQuery version 1.9.1 or higher, but lower than version 3", source: http://119.46.96.185/Front_UI/js/bootstrap.js (15)
[1114/165656.185:INFO:CONSOLE(15)] "Uncaught Error: Bootstrap's JavaScript requires jQuery version 1.9.1 or higher, but lower than version 3", source: http://localhost:62820/Front_UI/js/bootstrap.js (15)
[1114/165702.719:INFO:CONSOLE(37)] "Synchronous XMLHttpRequest on the main thread is deprecated because of its detrimental effects to the end user's experience. For more help, check https://xhr.spec.whatwg.org/.", source: http://localhost:51016/8f5ac70095924ea6a48c9fb897596dc4/browserLink (37)
[1114/170305.652:INFO:CONSOLE(15)] "Uncaught Error: Bootstrap's JavaScript requires jQuery version 1.9.1 or higher, but lower than version 3", source: http://localhost:62820/Front_UI/js/bootstrap.js (15)
[1114/170311.700:INFO:CONSOLE(37)] "Synchronous XMLHttpRequest on the main thread is deprecated because of its detrimental effects to the end user's experience. For more help, check https://xhr.spec.whatwg.org/.", source: http://localhost:51016/8f5ac70095924ea6a48c9fb897596dc4/browserLink (37)
[1114/170456.962:INFO:CONSOLE(15)] "Uncaught Error: Bootstrap's JavaScript requires jQuery version 1.9.1 or higher, but lower than version 3", source: http://localhost:62820/Front_UI/js/bootstrap.js (15)
[1114/170515.415:INFO:CONSOLE(15)] "Uncaught Error: Bootstrap's JavaScript requires jQuery version 1.9.1 or higher, but lower than version 3", source: http://localhost:62820/Front_UI/js/bootstrap.js (15)
[1114/170745.026:INFO:CONSOLE(15)] "Uncaught Error: Bootstrap's JavaScript requires jQuery version 1.9.1 or higher, but lower than version 3", source: http://localhost:62820/Front_UI/js/bootstrap.js (15)
[1114/170800.476:INFO:CONSOLE(37)] "Synchronous XMLHttpRequest on the main thread is deprecated because of its detrimental effects to the end user's experience. For more help, check https://xhr.spec.whatwg.org/.", source: http://localhost:51016/8f5ac70095924ea6a48c9fb897596dc4/browserLink (37)
[1114/170800.668:INFO:CONSOLE(15)] "Uncaught Error: Bootstrap's JavaScript requires jQuery version 1.9.1 or higher, but lower than version 3", source: http://localhost:62820/Front_UI/js/bootstrap.js (15)
[1114/170804.123:INFO:CONSOLE(37)] "Synchronous XMLHttpRequest on the main thread is deprecated because of its detrimental effects to the end user's experience. For more help, check https://xhr.spec.whatwg.org/.", source: http://localhost:51016/8f5ac70095924ea6a48c9fb897596dc4/browserLink (37)
[1114/170838.949:INFO:CONSOLE(15)] "Uncaught Error: Bootstrap's JavaScript requires jQuery version 1.9.1 or higher, but lower than version 3", source: http://localhost:62820/Front_UI/js/bootstrap.js (15)
[1114/170923.080:INFO:CONSOLE(37)] "Synchronous XMLHttpRequest on the main thread is deprecated because of its detrimental effects to the end user's experience. For more help, check https://xhr.spec.whatwg.org/.", source: http://localhost:51016/8f5ac70095924ea6a48c9fb897596dc4/browserLink (37)
[1114/170923.203:INFO:CONSOLE(15)] "Uncaught Error: Bootstrap's JavaScript requires jQuery version 1.9.1 or higher, but lower than version 3", source: http://localhost:62820/Front_UI/js/bootstrap.js (15)
[1114/171036.051:INFO:CONSOLE(15)] "Uncaught Error: Bootstrap's JavaScript requires jQuery version 1.9.1 or higher, but lower than version 3", source: http://localhost:62820/Front_UI/js/bootstrap.js (15)
[1114/171051.207:INFO:CONSOLE(37)] "Synchronous XMLHttpRequest on the main thread is deprecated because of its detrimental effects to the end user's experience. For more help, check https://xhr.spec.whatwg.org/.", source: http://localhost:51016/8f5ac70095924ea6a48c9fb897596dc4/browserLink (37)
[1114/171051.290:INFO:CONSOLE(15)] "Uncaught Error: Bootstrap's JavaScript requires jQuery version 1.9.1 or higher, but lower than version 3", source: http://localhost:62820/Front_UI/js/bootstrap.js (15)
[1114/172350.872:INFO:CONSOLE(15)] "Uncaught Error: Bootstrap's JavaScript requires jQuery version 1.9.1 or higher, but lower than version 3", source: http://localhost:62820/Front_UI/js/bootstrap.js (15)
[1114/172406.088:INFO:CONSOLE(37)] "Synchronous XMLHttpRequest on the main thread is deprecated because of its detrimental effects to the end user's experience. For more help, check https://xhr.spec.whatwg.org/.", source: http://localhost:51016/8f5ac70095924ea6a48c9fb897596dc4/browserLink (37)
[1114/172406.169:INFO:CONSOLE(15)] "Uncaught Error: Bootstrap's JavaScript requires jQuery version 1.9.1 or higher, but lower than version 3", source: http://localhost:62820/Front_UI/js/bootstrap.js (15)
[1114/172433.830:INFO:CONSOLE(15)] "Uncaught Error: Bootstrap's JavaScript requires jQuery version 1.9.1 or higher, but lower than version 3", source: http://localhost:62820/Front_UI/js/bootstrap.js (15)
[1114/172753.462:INFO:CONSOLE(15)] "Uncaught Error: Bootstrap's JavaScript requires jQuery version 1.9.1 or higher, but lower than version 3", source: http://localhost:62820/Front_UI/js/bootstrap.js (15)
[1114/172808.261:INFO:CONSOLE(37)] "Synchronous XMLHttpRequest on the main thread is deprecated because of its detrimental effects to the end user's experience. For more help, check https://xhr.spec.whatwg.org/.", source: http://localhost:51016/8f5ac70095924ea6a48c9fb897596dc4/browserLink (37)
[1114/172905.699:INFO:CONSOLE(15)] "Uncaught Error: Bootstrap's JavaScript requires jQuery version 1.9.1 or higher, but lower than version 3", source: http://localhost:62820/Front_UI/js/bootstrap.js (15)
[1114/173115.280:INFO:CONSOLE(15)] "Uncaught Error: Bootstrap's JavaScript requires jQuery version 1.9.1 or higher, but lower than version 3", source: http://localhost:62820/Front_UI/js/bootstrap.js (15)
[1114/173130.577:INFO:CONSOLE(37)] "Synchronous XMLHttpRequest on the main thread is deprecated because of its detrimental effects to the end user's experience. For more help, check https://xhr.spec.whatwg.org/.", source: http://localhost:51016/8f5ac70095924ea6a48c9fb897596dc4/browserLink (37)
[1114/173130.700:INFO:CONSOLE(15)] "Uncaught Error: Bootstrap's JavaScript requires jQuery version 1.9.1 or higher, but lower than version 3", source: http://localhost:62820/Front_UI/js/bootstrap.js (15)
[1114/173132.226:INFO:CONSOLE(37)] "Synchronous XMLHttpRequest on the main thread is deprecated because of its detrimental effects to the end user's experience. For more help, check https://xhr.spec.whatwg.org/.", source: http://localhost:51016/8f5ac70095924ea6a48c9fb897596dc4/browserLink (37)
[1114/173645.175:ERROR:block_files.cc(471)] Failed to open GPUCache\data_1
[1114/173645.177:ERROR:cache_util_win.cc(20)] Unable to move the cache: 5
[1114/173645.177:ERROR:cache_util.cc(134)] Unable to move cache folder GPUCache to old_GPUCache_000
[1114/173645.177:ERROR:disk_cache.cc(169)] Unable to create cache
[1114/173645.177:ERROR:shader_disk_cache.cc(600)] Shader Cache Creation failed: -2
[1114/173646.499:INFO:CONSOLE(15)] "Uncaught Error: Bootstrap's JavaScript requires jQuery version 1.9.1 or higher, but lower than version 3", source: http://localhost:62820/Front_UI/js/bootstrap.js (15)
[1114/173821.531:INFO:CONSOLE(0)] "WebSocket connection to 'ws://localhost:51016/8f5ac70095924ea6a48c9fb897596dc4/browserLinkSignalR/connect?transport=webSockets&connectionToken=AQAAANCMnd8BFdERjHoAwE%2FCl%2BsBAAAAmWx2N4H5yUGzyBcM5EZBgQAAAAACAAAAAAAQZgAAAAEAACAAAAC4UadMD942b6BY6V0zIq6B1cgPBey1OeKybzu%2Ff6V8pwAAAAAOgAAAAAIAACAAAADapVmlXPIUu6EEG2fZwlrIxOxysztzgwoO%2BOqmVnKBZjAAAADXLzYgldS5gh5hc%2BRbsAQWLP9IiFo841SddttmSAEGqQzP8FYmvwfJXAUAcaA7jDRAAAAAJFeQAgytaDSpgkCzbBuQYgCmNsT6MMwSKy0GRV5OgIc8H9rqaCYDGKXrub7XWZuD79AaLI1Xmoi4XNU0nTIb7g%3D%3D&requestUrl=http%3A%2F%2Flocalhost%3A62820%2FFront_UI%2FThank_You.aspx&browserName=Chrome&userAgent=Mozilla%2F5.0+(Windows+NT+10.0%3B+WOW64)+AppleWebKit%2F537.36+(KHTML%2C+like+Gecko)+Chrome%2F67.0.3396.79+Safari%2F537.36&tid=4' failed: WebSocket is closed before the connection is established.", source: http://localhost:62820/Front_UI/Thank_You.aspx (0)
[1114/173821.532:INFO:CONSOLE(64)] "[17:37:01 GMT+0700 (Indochina Time)] Browser Link: Failed to send message to browser link server:
Error: SignalR: Connection must be started before data can be sent. Call .start() before .send()", source: http://localhost:51016/8f5ac70095924ea6a48c9fb897596dc4/browserLink (64)
[1114/173821.532:INFO:CONSOLE(0)] "WebSocket connection to 'ws://localhost:51016/8f5ac70095924ea6a48c9fb897596dc4/browserLinkSignalR/connect?transport=webSockets&connectionToken=AQAAANCMnd8BFdERjHoAwE%2FCl%2BsBAAAAmWx2N4H5yUGzyBcM5EZBgQAAAAACAAAAAAAQZgAAAAEAACAAAADXsRKNVhdH823i%2FBOLfWWfA80nQ7m8Hz1Kx%2F1WNFTRCgAAAAAOgAAAAAIAACAAAACoyrn2FeN2v27kLKsnzTalF9wQMCNHEA4JX58%2BCIDrIDAAAACyb5dLJnkxLwKO6b3OxXJMGx%2BpIAchGTHAP3k0dhs7A0ABT0wQirJu%2Fg8dKgwB4mZAAAAAX9yuC9CCLVoP1PZobHv%2FaNNJT63P7YD%2F0K8woGEf9e6tstyF1WqEhrdJbgdr8rZCCDjx57fpK2OIPgTJIXXj4A%3D%3D&requestUrl=http%3A%2F%2Flocalhost%3A62820%2FFront_UI%2FThank_You.aspx&browserName=Chrome&userAgent=Mozilla%2F5.0+(Windows+NT+10.0%3B+WOW64)+AppleWebKit%2F537.36+(KHTML%2C+like+Gecko)+Chrome%2F67.0.3396.79+Safari%2F537.36&tid=1' failed: WebSocket is closed before the connection is established.", source: http://localhost:62820/Front_UI/Thank_You.aspx (0)
[1114/173821.533:INFO:CONSOLE(0)] "WebSocket connection to 'ws://localhost:51016/8f5ac70095924ea6a48c9fb897596dc4/browserLinkSignalR/connect?transport=webSockets&connectionToken=AQAAANCMnd8BFdERjHoAwE%2FCl%2BsBAAAAmWx2N4H5yUGzyBcM5EZBgQAAAAACAAAAAAAQZgAAAAEAACAAAADeny%2F%2FKx6%2BlNwW74H1KIb2ljF2RY5%2FtFDVY0WyOjjBdQAAAAAOgAAAAAIAACAAAAA0qjREzUw7r%2FoaAgYzvqeH2vurJ%2BJ4erIPwau8fH4LCDAAAAAhIikzurM5ucV8mvRSGCyhl%2FTulAdASt12xMUCel7wj0O8UQGCAlJgXc5BudpO9JJAAAAAZrddCgqQLY9Wl%2B7G%2FsPjXLsTrFxww0TQDVlrlHvgO49823%2Bgaxq7OpoWPOMhntbBIUgSAl2CdWD9IGQxSlD1Jw%3D%3D&requestUrl=http%3A%2F%2Flocalhost%3A62820%2FFront_UI%2FThank_You.aspx&browserName=Chrome&userAgent=Mozilla%2F5.0+(Windows+NT+10.0%3B+WOW64)+AppleWebKit%2F537.36+(KHTML%2C+like+Gecko)+Chrome%2F67.0.3396.79+Safari%2F537.36&tid=6' failed: WebSocket is closed before the connection is established.", source: http://localhost:62820/Front_UI/Thank_You.aspx (0)
[1114/173821.674:INFO:CONSOLE(15)] "Uncaught Error: Bootstrap's JavaScript requires jQuery version 1.9.1 or higher, but lower than version 3", source: http://localhost:62820/Front_UI/js/bootstrap.js (15)
[1114/173824.637:INFO:CONSOLE(37)] "Synchronous XMLHttpRequest on the main thread is deprecated because of its detrimental effects to the end user's experience. For more help, check https://xhr.spec.whatwg.org/.", source: http://localhost:51016/8f5ac70095924ea6a48c9fb897596dc4/browserLink (37)
[1114/173835.683:INFO:CONSOLE(15)] "Uncaught Error: Bootstrap's JavaScript requires jQuery version 1.9.1 or higher, but lower than version 3", source: http://localhost:62820/Front_UI/js/bootstrap.js (15)
[1114/174529.264:INFO:CONSOLE(15)] "Uncaught Error: Bootstrap's JavaScript requires jQuery version 1.9.1 or higher, but lower than version 3", source: http://localhost:62820/Front_UI/js/bootstrap.js (15)
[1114/174658.139:ERROR:broker_win.cc(134)] Error sending sync broker message: The pipe is being closed. (0xE8)
[1114/174658.144:ERROR:command_buffer_proxy_impl.cc(101)] ContextResult::kFatalFailure: AllocateAndMapSharedMemory failed
[1114/174706.558:INFO:CONSOLE(15)] "Uncaught Error: Bootstrap's JavaScript requires jQuery version 1.9.1 or higher, but lower than version 3", source: http://localhost:62820/Front_UI/js/bootstrap.js (15)
[1114/174925.334:INFO:CONSOLE(15)] "Uncaught Error: Bootstrap's JavaScript requires jQuery version 1.9.1 or higher, but lower than version 3", source: http://localhost:62820/Front_UI/js/bootstrap.js (15)
[1114/175006.230:INFO:child_thread_impl.cc(821)] ChildThreadImpl::EnsureConnected()
[1114/175831.396:INFO:CONSOLE(15)] "Uncaught Error: Bootstrap's JavaScript requires jQuery version 1.9.1 or higher, but lower than version 3", source: http://localhost:62820/Front_UI/js/bootstrap.js (15)
[1114/175846.712:INFO:CONSOLE(37)] "Synchronous XMLHttpRequest on the main thread is deprecated because of its detrimental effects to the end user's experience. For more help, check https://xhr.spec.whatwg.org/.", source: http://localhost:51016/8f5ac70095924ea6a48c9fb897596dc4/browserLink (37)
[1114/175846.823:INFO:CONSOLE(15)] "Uncaught Error: Bootstrap's JavaScript requires jQuery version 1.9.1 or higher, but lower than version 3", source: http://localhost:62820/Front_UI/js/bootstrap.js (15)
[1114/175954.483:INFO:CONSOLE(37)] "Synchronous XMLHttpRequest on the main thread is deprecated because of its detrimental effects to the end user's experience. For more help, check https://xhr.spec.whatwg.org/.", source: http://localhost:51016/8f5ac70095924ea6a48c9fb897596dc4/browserLink (37)
[1115/020209.172:INFO:CONSOLE(15)] "Uncaught Error: Bootstrap's JavaScript requires jQuery version 1.9.1 or higher, but lower than version 3", source: http://localhost:62820/Front_UI/js/bootstrap.js (15)
[1115/020216.995:INFO:CONSOLE(37)] "Synchronous XMLHttpRequest on the main thread is deprecated because of its detrimental effects to the end user's experience. For more help, check https://xhr.spec.whatwg.org/.", source: http://localhost:54855/eb488dd2cfbf4aadbc6c1e1cb24cba6c/browserLink (37)
[1115/020240.797:INFO:CONSOLE(15)] "Uncaught Error: Bootstrap's JavaScript requires jQuery version 1.9.1 or higher, but lower than version 3", source: http://localhost:62820/Front_UI/js/bootstrap.js (15)
[1115/020246.690:INFO:CONSOLE(37)] "Synchronous XMLHttpRequest on the main thread is deprecated because of its detrimental effects to the end user's experience. For more help, check https://xhr.spec.whatwg.org/.", source: http://localhost:54855/eb488dd2cfbf4aadbc6c1e1cb24cba6c/browserLink (37)
[1115/020248.180:INFO:CONSOLE(37)] "Synchronous XMLHttpRequest on the main thread is deprecated because of its detrimental effects to the end user's experience. For more help, check https://xhr.spec.whatwg.org/.", source: http://localhost:54855/eb488dd2cfbf4aadbc6c1e1cb24cba6c/browserLink (37)
[1115/020249.620:INFO:CONSOLE(37)] "Synchronous XMLHttpRequest on the main thread is deprecated because of its detrimental effects to the end user's experience. For more help, check https://xhr.spec.whatwg.org/.", source: http://localhost:54855/eb488dd2cfbf4aadbc6c1e1cb24cba6c/browserLink (37)
[1115/020251.358:INFO:CONSOLE(37)] "Synchronous XMLHttpRequest on the main thread is deprecated because of its detrimental effects to the end user's experience. For more help, check https://xhr.spec.whatwg.org/.", source: http://localhost:54855/eb488dd2cfbf4aadbc6c1e1cb24cba6c/browserLink (37)
[1115/020253.204:INFO:CONSOLE(37)] "Synchronous XMLHttpRequest on the main thread is deprecated because of its detrimental effects to the end user's experience. For more help, check https://xhr.spec.whatwg.org/.", source: http://localhost:54855/eb488dd2cfbf4aadbc6c1e1cb24cba6c/browserLink (37)
[1115/020253.274:INFO:CONSOLE(15)] "Uncaught Error: Bootstrap's JavaScript requires jQuery version 1.9.1 or higher, but lower than version 3", source: http://localhost:62820/Front_UI/js/bootstrap.js (15)
[1115/020337.319:INFO:CONSOLE(37)] "Synchronous XMLHttpRequest on the main thread is deprecated because of its detrimental effects to the end user's experience. For more help, check https://xhr.spec.whatwg.org/.", source: http://localhost:54855/eb488dd2cfbf4aadbc6c1e1cb24cba6c/browserLink (37)
[1115/020337.437:INFO:CONSOLE(15)] "Uncaught Error: Bootstrap's JavaScript requires jQuery version 1.9.1 or higher, but lower than version 3", source: http://localhost:62820/Front_UI/js/bootstrap.js (15)
[1115/020338.197:INFO:CONSOLE(1)] "Uncaught ReferenceError: initFormPlugin is not defined", source: http://localhost:62820/Front_UI/Device_Payment.aspx?PRODUCT_ID=443 (1)
[1115/020338.928:INFO:CONSOLE(1)] "Uncaught ReferenceError: initFormPlugin is not defined", source: http://localhost:62820/Front_UI/Device_Payment.aspx?PRODUCT_ID=443 (1)
[1115/020343.307:INFO:CONSOLE(1)] "Uncaught ReferenceError: initFormPlugin is not defined", source: http://localhost:62820/Front_UI/Device_Payment.aspx?PRODUCT_ID=443 (1)
[1115/020344.059:INFO:CONSOLE(37)] "Synchronous XMLHttpRequest on the main thread is deprecated because of its detrimental effects to the end user's experience. For more help, check https://xhr.spec.whatwg.org/.", source: http://localhost:54855/eb488dd2cfbf4aadbc6c1e1cb24cba6c/browserLink (37)
[1115/020346.077:INFO:CONSOLE(1)] "Uncaught ReferenceError: initFormPlugin is not defined", source: http://localhost:62820/Front_UI/Device_Payment.aspx?PRODUCT_ID=443 (1)
[1115/020346.907:INFO:CONSOLE(1)] "Uncaught ReferenceError: initFormPlugin is not defined", source: http://localhost:62820/Front_UI/Device_Payment.aspx?PRODUCT_ID=443 (1)
[1115/020348.268:INFO:CONSOLE(1)] "Uncaught ReferenceError: initFormPlugin is not defined", source: http://localhost:62820/Front_UI/Device_Payment.aspx?PRODUCT_ID=443 (1)
[1115/020932.306:INFO:CONSOLE(885)] "Uncaught Sys.WebForms.PageRequestManagerServerErrorException: Sys.WebForms.PageRequestManagerServerErrorException: Object reference not set to an instance of an object.", source: http://localhost:62820/ScriptResource.axd?d=JnUc-DEDOM5KzzVKtsL1tdQsPOidE9GcK7SRuMj1anJG9DOcp31b6KxAjJBS97NlILcIPGS_wm2TBNcxXF7WnFvcpezaxyGdWR3vk-bBK9xNLMP1zmFNnfFiHlO_qYSNqBwfYjNkLwXYAgFgkjvug8vukoNbynOEthpi3IG7SbSVgApnia825Pl-8iFw7c0h0&t=fffffffffc18b87d (885)
[1115/021033.846:INFO:CONSOLE(885)] "Uncaught Sys.WebForms.PageRequestManagerServerErrorException: Sys.WebForms.PageRequestManagerServerErrorException: Object reference not set to an instance of an object.", source: http://localhost:62820/ScriptResource.axd?d=JnUc-DEDOM5KzzVKtsL1tdQsPOidE9GcK7SRuMj1anJG9DOcp31b6KxAjJBS97NlILcIPGS_wm2TBNcxXF7WnFvcpezaxyGdWR3vk-bBK9xNLMP1zmFNnfFiHlO_qYSNqBwfYjNkLwXYAgFgkjvug8vukoNbynOEthpi3IG7SbSVgApnia825Pl-8iFw7c0h0&t=fffffffffc18b87d (885)
[1115/021108.513:INFO:CONSOLE(885)] "Uncaught Sys.WebForms.PageRequestManagerServerErrorException: Sys.WebForms.PageRequestManagerServerErrorException: Object reference not set to an instance of an object.", source: http://localhost:62820/ScriptResource.axd?d=JnUc-DEDOM5KzzVKtsL1tdQsPOidE9GcK7SRuMj1anJG9DOcp31b6KxAjJBS97NlILcIPGS_wm2TBNcxXF7WnFvcpezaxyGdWR3vk-bBK9xNLMP1zmFNnfFiHlO_qYSNqBwfYjNkLwXYAgFgkjvug8vukoNbynOEthpi3IG7SbSVgApnia825Pl-8iFw7c0h0&t=fffffffffc18b87d (885)
[1115/021139.218:INFO:CONSOLE(885)] "Uncaught Sys.WebForms.PageRequestManagerServerErrorException: Sys.WebForms.PageRequestManagerServerErrorException: Object reference not set to an instance of an object.", source: http://localhost:62820/ScriptResource.axd?d=JnUc-DEDOM5KzzVKtsL1tdQsPOidE9GcK7SRuMj1anJG9DOcp31b6KxAjJBS97NlILcIPGS_wm2TBNcxXF7WnFvcpezaxyGdWR3vk-bBK9xNLMP1zmFNnfFiHlO_qYSNqBwfYjNkLwXYAgFgkjvug8vukoNbynOEthpi3IG7SbSVgApnia825Pl-8iFw7c0h0&t=fffffffffc18b87d (885)
[1115/021210.498:INFO:CONSOLE(885)] "Uncaught Sys.WebForms.PageRequestManagerServerErrorException: Sys.WebForms.PageRequestManagerServerErrorException: Object reference not set to an instance of an object.", source: http://localhost:62820/ScriptResource.axd?d=JnUc-DEDOM5KzzVKtsL1tdQsPOidE9GcK7SRuMj1anJG9DOcp31b6KxAjJBS97NlILcIPGS_wm2TBNcxXF7WnFvcpezaxyGdWR3vk-bBK9xNLMP1zmFNnfFiHlO_qYSNqBwfYjNkLwXYAgFgkjvug8vukoNbynOEthpi3IG7SbSVgApnia825Pl-8iFw7c0h0&t=fffffffffc18b87d (885)
[1115/021331.916:INFO:CONSOLE(885)] "Uncaught Sys.WebForms.PageRequestManagerServerErrorException: Sys.WebForms.PageRequestManagerServerErrorException: Object reference not set to an instance of an object.", source: http://localhost:62820/ScriptResource.axd?d=JnUc-DEDOM5KzzVKtsL1tdQsPOidE9GcK7SRuMj1anJG9DOcp31b6KxAjJBS97NlILcIPGS_wm2TBNcxXF7WnFvcpezaxyGdWR3vk-bBK9xNLMP1zmFNnfFiHlO_qYSNqBwfYjNkLwXYAgFgkjvug8vukoNbynOEthpi3IG7SbSVgApnia825Pl-8iFw7c0h0&t=fffffffffc18b87d (885)
[1115/021339.216:INFO:CONSOLE(15)] "Uncaught Error: Bootstrap's JavaScript requires jQuery version 1.9.1 or higher, but lower than version 3", source: http://localhost:62820/Front_UI/js/bootstrap.js (15)
[1115/021527.244:INFO:CONSOLE(37)] "Synchronous XMLHttpRequest on the main thread is deprecated because of its detrimental effects to the end user's experience. For more help, check https://xhr.spec.whatwg.org/.", source: http://localhost:54855/eb488dd2cfbf4aadbc6c1e1cb24cba6c/browserLink (37)
[1115/021528.986:INFO:CONSOLE(37)] "Synchronous XMLHttpRequest on the main thread is deprecated because of its detrimental effects to the end user's experience. For more help, check https://xhr.spec.whatwg.org/.", source: http://localhost:54855/eb488dd2cfbf4aadbc6c1e1cb24cba6c/browserLink (37)
[1115/021530.071:INFO:CONSOLE(37)] "Synchronous XMLHttpRequest on the main thread is deprecated because of its detrimental effects to the end user's experience. For more help, check https://xhr.spec.whatwg.org/.", source: http://localhost:54855/eb488dd2cfbf4aadbc6c1e1cb24cba6c/browserLink (37)
[1115/021531.453:INFO:CONSOLE(37)] "Synchronous XMLHttpRequest on the main thread is deprecated because of its detrimental effects to the end user's experience. For more help, check https://xhr.spec.whatwg.org/.", source: http://localhost:54855/eb488dd2cfbf4aadbc6c1e1cb24cba6c/browserLink (37)
[1115/021533.087:INFO:CONSOLE(37)] "Synchronous XMLHttpRequest on the main thread is deprecated because of its detrimental effects to the end user's experience. For more help, check https://xhr.spec.whatwg.org/.", source: http://localhost:54855/eb488dd2cfbf4aadbc6c1e1cb24cba6c/browserLink (37)
[1115/021533.163:INFO:CONSOLE(15)] "Uncaught Error: Bootstrap's JavaScript requires jQuery version 1.9.1 or higher, but lower than version 3", source: http://localhost:62820/Front_UI/js/bootstrap.js (15)
[1115/021536.357:INFO:CONSOLE(37)] "Synchronous XMLHttpRequest on the main thread is deprecated because of its detrimental effects to the end user's experience. For more help, check https://xhr.spec.whatwg.org/.", source: http://localhost:54855/eb488dd2cfbf4aadbc6c1e1cb24cba6c/browserLink (37)
[1115/021536.459:INFO:CONSOLE(15)] "Uncaught Error: Bootstrap's JavaScript requires jQuery version 1.9.1 or higher, but lower than version 3", source: http://localhost:62820/Front_UI/js/bootstrap.js (15)
[1115/021537.193:INFO:CONSOLE(1)] "Uncaught ReferenceError: initFormPlugin is not defined", source: http://localhost:62820/Front_UI/Device_Payment.aspx?PRODUCT_ID=443 (1)
[1115/021537.494:INFO:CONSOLE(1)] "Uncaught ReferenceError: initFormPlugin is not defined", source: http://localhost:62820/Front_UI/Device_Payment.aspx?PRODUCT_ID=443 (1)
[1115/021712.919:INFO:CONSOLE(885)] "Uncaught Sys.WebForms.PageRequestManagerTimeoutException: Sys.WebForms.PageRequestManagerTimeoutException: The server request timed out.", source: http://localhost:62820/ScriptResource.axd?d=JnUc-DEDOM5KzzVKtsL1tdQsPOidE9GcK7SRuMj1anJG9DOcp31b6KxAjJBS97NlILcIPGS_wm2TBNcxXF7WnFvcpezaxyGdWR3vk-bBK9xNLMP1zmFNnfFiHlO_qYSNqBwfYjNkLwXYAgFgkjvug8vukoNbynOEthpi3IG7SbSVgApnia825Pl-8iFw7c0h0&t=fffffffffc18b87d (885)
[1115/021731.024:INFO:CONSOLE(1)] "Uncaught ReferenceError: initFormPlugin is not defined", source: http://localhost:62820/Front_UI/Device_Payment.aspx?PRODUCT_ID=443 (1)
[1115/021731.160:INFO:CONSOLE(37)] "Synchronous XMLHttpRequest on the main thread is deprecated because of its detrimental effects to the end user's experience. For more help, check https://xhr.spec.whatwg.org/.", source: http://localhost:54855/eb488dd2cfbf4aadbc6c1e1cb24cba6c/browserLink (37)
[1115/021731.204:INFO:CONSOLE(15)] "Uncaught Error: Bootstrap's JavaScript requires jQuery version 1.9.1 or higher, but lower than version 3", source: http://localhost:62820/Front_UI/js/bootstrap.js (15)
[1115/021732.620:INFO:CONSOLE(37)] "Synchronous XMLHttpRequest on the main thread is deprecated because of its detrimental effects to the end user's experience. For more help, check https://xhr.spec.whatwg.org/.", source: http://localhost:54855/eb488dd2cfbf4aadbc6c1e1cb24cba6c/browserLink (37)
[1115/021733.674:INFO:CONSOLE(37)] "Synchronous XMLHttpRequest on the main thread is deprecated because of its detrimental effects to the end user's experience. For more help, check https://xhr.spec.whatwg.org/.", source: http://localhost:54855/eb488dd2cfbf4aadbc6c1e1cb24cba6c/browserLink (37)
[1115/021734.683:INFO:CONSOLE(37)] "Synchronous XMLHttpRequest on the main thread is deprecated because of its detrimental effects to the end user's experience. For more help, check https://xhr.spec.whatwg.org/.", source: http://localhost:54855/eb488dd2cfbf4aadbc6c1e1cb24cba6c/browserLink (37)
[1115/021735.758:INFO:CONSOLE(37)] "Synchronous XMLHttpRequest on the main thread is deprecated because of its detrimental effects to the end user's experience. For more help, check https://xhr.spec.whatwg.org/.", source: http://localhost:54855/eb488dd2cfbf4aadbc6c1e1cb24cba6c/browserLink (37)
[1115/021737.113:INFO:CONSOLE(37)] "Synchronous XMLHttpRequest on the main thread is deprecated because of its detrimental effects to the end user's experience. For more help, check https://xhr.spec.whatwg.org/.", source: http://localhost:54855/eb488dd2cfbf4aadbc6c1e1cb24cba6c/browserLink (37)
[1115/021737.163:INFO:CONSOLE(15)] "Uncaught Error: Bootstrap's JavaScript requires jQuery version 1.9.1 or higher, but lower than version 3", source: http://localhost:62820/Front_UI/js/bootstrap.js (15)
[1115/021740.956:INFO:CONSOLE(37)] "Synchronous XMLHttpRequest on the main thread is deprecated because of its detrimental effects to the end user's experience. For more help, check https://xhr.spec.whatwg.org/.", source: http://localhost:54855/eb488dd2cfbf4aadbc6c1e1cb24cba6c/browserLink (37)
[1115/021741.056:INFO:CONSOLE(15)] "Uncaught Error: Bootstrap's JavaScript requires jQuery version 1.9.1 or higher, but lower than version 3", source: http://localhost:62820/Front_UI/js/bootstrap.js (15)
[1115/021741.742:INFO:CONSOLE(1)] "Uncaught ReferenceError: initFormPlugin is not defined", source: http://localhost:62820/Front_UI/Device_Payment.aspx?PRODUCT_ID=443 (1)
[1115/021742.757:INFO:CONSOLE(1)] "Uncaught ReferenceError: initFormPlugin is not defined", source: http://localhost:62820/Front_UI/Device_Payment.aspx?PRODUCT_ID=443 (1)
[1115/021916.173:INFO:CONSOLE(885)] "Uncaught Sys.WebForms.PageRequestManagerTimeoutException: Sys.WebForms.PageRequestManagerTimeoutException: The server request timed out.", source: http://localhost:62820/ScriptResource.axd?d=JnUc-DEDOM5KzzVKtsL1tdQsPOidE9GcK7SRuMj1anJG9DOcp31b6KxAjJBS97NlILcIPGS_wm2TBNcxXF7WnFvcpezaxyGdWR3vk-bBK9xNLMP1zmFNnfFiHlO_qYSNqBwfYjNkLwXYAgFgkjvug8vukoNbynOEthpi3IG7SbSVgApnia825Pl-8iFw7c0h0&t=fffffffffc18b87d (885)
[1115/022254.324:INFO:CONSOLE(885)] "Uncaught Sys.WebForms.PageRequestManagerTimeoutException: Sys.WebForms.PageRequestManagerTimeoutException: The server request timed out.", source: http://localhost:62820/ScriptResource.axd?d=JnUc-DEDOM5KzzVKtsL1tdQsPOidE9GcK7SRuMj1anJG9DOcp31b6KxAjJBS97NlILcIPGS_wm2TBNcxXF7WnFvcpezaxyGdWR3vk-bBK9xNLMP1zmFNnfFiHlO_qYSNqBwfYjNkLwXYAgFgkjvug8vukoNbynOEthpi3IG7SbSVgApnia825Pl-8iFw7c0h0&t=fffffffffc18b87d (885)
[1115/022353.441:INFO:CONSOLE(1)] "Uncaught ReferenceError: initFormPlugin is not defined", source: http://localhost:62820/Front_UI/Device_Payment.aspx?PRODUCT_ID=443 (1)
[1115/022353.584:INFO:CONSOLE(37)] "Synchronous XMLHttpRequest on the main thread is deprecated because of its detrimental effects to the end user's experience. For more help, check https://xhr.spec.whatwg.org/.", source: http://localhost:54855/eb488dd2cfbf4aadbc6c1e1cb24cba6c/browserLink (37)
[1115/022353.648:INFO:CONSOLE(15)] "Uncaught Error: Bootstrap's JavaScript requires jQuery version 1.9.1 or higher, but lower than version 3", source: http://localhost:62820/Front_UI/js/bootstrap.js (15)
[1115/022419.910:INFO:CONSOLE(37)] "Synchronous XMLHttpRequest on the main thread is deprecated because of its detrimental effects to the end user's experience. For more help, check https://xhr.spec.whatwg.org/.", source: http://localhost:54855/eb488dd2cfbf4aadbc6c1e1cb24cba6c/browserLink (37)
[1115/022420.006:INFO:CONSOLE(15)] "Uncaught Error: Bootstrap's JavaScript requires jQuery version 1.9.1 or higher, but lower than version 3", source: http://localhost:62820/Front_UI/js/bootstrap.js (15)
[1115/022420.712:INFO:CONSOLE(1)] "Uncaught ReferenceError: initFormPlugin is not defined", source: http://localhost:62820/Front_UI/Device_Payment.aspx?PRODUCT_ID=443 (1)
[1115/022427.221:INFO:CONSOLE(1)] "Uncaught ReferenceError: initFormPlugin is not defined", source: http://localhost:62820/Front_UI/Device_Payment.aspx?PRODUCT_ID=443 (1)
[1115/022431.511:INFO:CONSOLE(1)] "Uncaught ReferenceError: initFormPlugin is not defined", source: http://localhost:62820/Front_UI/Device_Payment.aspx?PRODUCT_ID=443 (1)
[1115/022705.045:INFO:CONSOLE(1)] "Uncaught ReferenceError: initFormPlugin is not defined", source: http://localhost:62820/Front_UI/Device_Payment.aspx?PRODUCT_ID=443 (1)
[1115/023420.194:INFO:CONSOLE(37)] "Synchronous XMLHttpRequest on the main thread is deprecated because of its detrimental effects to the end user's experience. For more help, check https://xhr.spec.whatwg.org/.", source: http://localhost:54855/eb488dd2cfbf4aadbc6c1e1cb24cba6c/browserLink (37)
[1115/023420.250:INFO:CONSOLE(15)] "Uncaught Error: Bootstrap's JavaScript requires jQuery version 1.9.1 or higher, but lower than version 3", source: http://localhost:62820/Front_UI/js/bootstrap.js (15)
[1115/024422.292:INFO:CONSOLE(0)] "Synchronous XMLHttpRequest on the main thread is deprecated because of its detrimental effects to the end user's experience. For more help, check https://xhr.spec.whatwg.org/.", source: http://localhost:62820/Front_UI/Select_Language.aspx (0)
